<?xml version="1.0" encoding="UTF-8"?>
<robot generator="Robot 7.0 (Python 3.13.0 on darwin)" generated="2025-03-12T12:51:25.134129" rpa="false" schemaversion="5">
<suite id="s1" name="UAT001-AddHighlight" source="/Applications/XAMPP/xamppfiles/htdocs/Software-Project/git-group-repository-group-1/test/UAT/UAT001-AddHighlight.robot">
<test id="s1-t1" name="Add New Highlight Not Tag" line="6">
<kw name="Open Login Page And Login" owner="resource">
<kw name="Open Browser" owner="SeleniumLibrary">
<msg time="2025-03-12T12:51:25.226442" level="INFO">Opening browser 'Chrome' to base url 'http://127.0.0.1:8000/login'.</msg>
<arg>${URL_LOGIN}</arg>
<arg>${BROWSER}</arg>
<doc>Opens a new browser instance to the optional ``url``.</doc>
<status status="PASS" start="2025-03-12T12:51:25.226342" elapsed="1.393503"/>
</kw>
<kw name="Maximize Browser Window" owner="SeleniumLibrary">
<doc>Maximizes current browser window.</doc>
<status status="PASS" start="2025-03-12T12:51:26.620213" elapsed="0.363800"/>
</kw>
<kw name="Sleep" owner="BuiltIn">
<msg time="2025-03-12T12:51:29.984865" level="INFO">Slept 3 seconds.</msg>
<arg>3s</arg>
<doc>Pauses the test executed for the given time.</doc>
<status status="PASS" start="2025-03-12T12:51:26.984132" elapsed="3.001178"/>
</kw>
<kw name="Input Text" owner="SeleniumLibrary">
<msg time="2025-03-12T12:51:29.987898" level="INFO">Typing text 'staff@gmail.com' into text field 'id=username'.</msg>
<arg>id=username</arg>
<arg>${USERNAME}</arg>
<doc>Types the given ``text`` into the text field identified by ``locator``.</doc>
<status status="PASS" start="2025-03-12T12:51:29.985913" elapsed="0.124202"/>
</kw>
<kw name="Input Text" owner="SeleniumLibrary">
<msg time="2025-03-12T12:51:30.110376" level="INFO">Typing text '123456789' into text field 'id=password'.</msg>
<arg>id=password</arg>
<arg>${PASSWORD}</arg>
<doc>Types the given ``text`` into the text field identified by ``locator``.</doc>
<status status="PASS" start="2025-03-12T12:51:30.110233" elapsed="0.037561"/>
</kw>
<kw name="Click Login Button" owner="resource">
<kw name="Click Button" owner="SeleniumLibrary">
<msg time="2025-03-12T12:51:30.148284" level="INFO">Clicking button 'xpath=//button[contains(text(), 'LOGIN')]'.</msg>
<arg>xpath=//button[contains(text(), 'LOGIN')]</arg>
<doc>Clicks the button identified by ``locator``.</doc>
<status status="PASS" start="2025-03-12T12:51:30.148192" elapsed="0.033166"/>
</kw>
<status status="PASS" start="2025-03-12T12:51:30.147996" elapsed="0.033429"/>
</kw>
<kw name="Wait Until Page Contains" owner="SeleniumLibrary">
<arg>Dashboard</arg>
<arg>5s</arg>
<doc>Waits until ``text`` appears on the current page.</doc>
<status status="PASS" start="2025-03-12T12:51:30.181501" elapsed="1.120673"/>
</kw>
<status status="PASS" start="2025-03-12T12:51:25.225986" elapsed="6.076330"/>
</kw>
<kw name="Sleep" owner="BuiltIn">
<msg time="2025-03-12T12:51:34.303231" level="INFO">Slept 3 seconds.</msg>
<arg>3s</arg>
<doc>Pauses the test executed for the given time.</doc>
<status status="PASS" start="2025-03-12T12:51:31.302567" elapsed="3.001124"/>
</kw>
<kw name="Click Manage Highlight Menu" owner="resource">
<kw name="Click Element" owner="SeleniumLibrary">
<msg time="2025-03-12T12:51:34.306280" level="INFO">Clicking element 'xpath=//a[contains(@class, 'nav-link') and .//span[contains(text(), 'Manage Highlights')]]'.</msg>
<arg>xpath=//a[contains(@class, 'nav-link') and .//span[contains(text(), 'Manage Highlights')]]</arg>
<doc>Click the element identified by ``locator``.</doc>
<status status="PASS" start="2025-03-12T12:51:34.305684" elapsed="0.391691"/>
</kw>
<status status="PASS" start="2025-03-12T12:51:34.304683" elapsed="0.392804"/>
</kw>
<kw name="Click Add Highlight Button" owner="resource">
<kw name="Click Element" owner="SeleniumLibrary">
<msg time="2025-03-12T12:51:34.698085" level="INFO">Clicking element 'xpath=//a[contains(@class, 'btn-primary') and .//i[contains(@class, 'mdi-plus')]]'.</msg>
<arg>xpath=//a[contains(@class, 'btn-primary') and .//i[contains(@class, 'mdi-plus')]]</arg>
<doc>Click the element identified by ``locator``.</doc>
<status status="PASS" start="2025-03-12T12:51:34.697952" elapsed="0.101186"/>
</kw>
<status status="PASS" start="2025-03-12T12:51:34.697721" elapsed="0.101484"/>
</kw>
<kw name="Sleep" owner="BuiltIn">
<msg time="2025-03-12T12:51:37.800197" level="INFO">Slept 3 seconds.</msg>
<arg>3s</arg>
<doc>Pauses the test executed for the given time.</doc>
<status status="PASS" start="2025-03-12T12:51:34.799321" elapsed="3.001309"/>
</kw>
<kw name="Fill Highlight Form" owner="resource">
<kw name="Input Text" owner="SeleniumLibrary">
<msg time="2025-03-12T12:51:37.803215" level="INFO">Typing text 'Test Title EN' into text field 'name=title_en'.</msg>
<arg>name=title_en</arg>
<arg>${TITLE_EN}</arg>
<doc>Types the given ``text`` into the text field identified by ``locator``.</doc>
<status status="PASS" start="2025-03-12T12:51:37.802558" elapsed="0.061305"/>
</kw>
<kw name="Input Text" owner="SeleniumLibrary">
<msg time="2025-03-12T12:51:37.864146" level="INFO">Typing text 'ทดสอบชื่อเรื่อง TH' into text field 'name=title_th'.</msg>
<arg>name=title_th</arg>
<arg>${TITLE_TH}</arg>
<doc>Types the given ``text`` into the text field identified by ``locator``.</doc>
<status status="PASS" start="2025-03-12T12:51:37.863998" elapsed="0.033679"/>
</kw>
<kw name="Input Text" owner="SeleniumLibrary">
<msg time="2025-03-12T12:51:37.897899" level="INFO">Typing text 'This is a test description in English.' into text field 'name=description_en'.</msg>
<arg>name=description_en</arg>
<arg>${DESCRIPTION_EN}</arg>
<doc>Types the given ``text`` into the text field identified by ``locator``.</doc>
<status status="PASS" start="2025-03-12T12:51:37.897775" elapsed="0.031987"/>
</kw>
<kw name="Input Text" owner="SeleniumLibrary">
<msg time="2025-03-12T12:51:37.929960" level="INFO">Typing text 'นี่คือคำอธิบายทดสอบในภาษาไทย' into text field 'name=description_th'.</msg>
<arg>name=description_th</arg>
<arg>${DESCRIPTION_TH}</arg>
<doc>Types the given ``text`` into the text field identified by ``locator``.</doc>
<status status="PASS" start="2025-03-12T12:51:37.929850" elapsed="0.033620"/>
</kw>
<kw name="Choose File" owner="SeleniumLibrary">
<msg time="2025-03-12T12:51:37.963714" level="INFO">Sending /Applications/XAMPP/xamppfiles/htdocs/Software-Project/git-group-repository-group-1/test/UAT/test_image_en.jpg to browser.</msg>
<arg>name=image_en</arg>
<arg>${IMAGE_EN}</arg>
<doc>Inputs the ``file_path`` into the file input field ``locator``.</doc>
<status status="PASS" start="2025-03-12T12:51:37.963574" elapsed="0.017544"/>
</kw>
<kw name="Choose File" owner="SeleniumLibrary">
<msg time="2025-03-12T12:51:37.981340" level="INFO">Sending /Applications/XAMPP/xamppfiles/htdocs/Software-Project/git-group-repository-group-1/test/UAT/test_image_th.jpg to browser.</msg>
<arg>name=image_th</arg>
<arg>${IMAGE_TH}</arg>
<doc>Inputs the ``file_path`` into the file input field ``locator``.</doc>
<status status="PASS" start="2025-03-12T12:51:37.981220" elapsed="0.010380"/>
</kw>
<kw name="Input Text" owner="SeleniumLibrary">
<msg time="2025-03-12T12:51:37.991815" level="INFO">Typing text '1' into text field 'name=priority'.</msg>
<arg>name=priority</arg>
<arg>${PRIORITY}</arg>
<doc>Types the given ``text`` into the text field identified by ``locator``.</doc>
<status status="PASS" start="2025-03-12T12:51:37.991669" elapsed="0.027673"/>
</kw>
<status status="PASS" start="2025-03-12T12:51:37.801653" elapsed="0.217744"/>
</kw>
<kw name="Submit Highlight Form" owner="resource">
<kw name="Scroll Element Into View" owner="SeleniumLibrary">
<arg>xpath=//button[contains(text(), 'Save')]</arg>
<doc>Scrolls the element identified by ``locator`` into view.</doc>
<status status="PASS" start="2025-03-12T12:51:38.019651" elapsed="0.281178"/>
</kw>
<kw name="Click Button" owner="SeleniumLibrary">
<msg time="2025-03-12T12:51:38.301778" level="INFO">Clicking button 'xpath=//button[contains(text(), 'Save')]'.</msg>
<arg>xpath=//button[contains(text(), 'Save')]</arg>
<doc>Clicks the button identified by ``locator``.</doc>
<status status="PASS" start="2025-03-12T12:51:38.301300" elapsed="0.095117"/>
</kw>
<status status="PASS" start="2025-03-12T12:51:38.019520" elapsed="0.377261"/>
</kw>
<kw name="Sleep" owner="BuiltIn">
<msg time="2025-03-12T12:51:41.398546" level="INFO">Slept 3 seconds.</msg>
<arg>3s</arg>
<doc>Pauses the test executed for the given time.</doc>
<status status="PASS" start="2025-03-12T12:51:38.397205" elapsed="3.001769"/>
</kw>
<kw name="Verify Highlight Added" owner="resource">
<kw name="Page Should Contain" owner="SeleniumLibrary">
<msg time="2025-03-12T12:51:41.420998" level="INFO">Current page contains text 'Test Title EN'.</msg>
<arg>${TITLE_EN}</arg>
<doc>Verifies that current page contains ``text``.</doc>
<status status="PASS" start="2025-03-12T12:51:41.400822" elapsed="0.020267"/>
</kw>
<kw name="Page Should Contain" owner="SeleniumLibrary">
<msg time="2025-03-12T12:51:41.432056" level="INFO">Current page contains text 'ทดสอบชื่อเรื่อง TH'.</msg>
<arg>${TITLE_TH}</arg>
<doc>Verifies that current page contains ``text``.</doc>
<status status="PASS" start="2025-03-12T12:51:41.421274" elapsed="0.010845"/>
</kw>
<status status="PASS" start="2025-03-12T12:51:41.399908" elapsed="0.032278"/>
</kw>
<kw name="Close Browser Session" owner="resource">
<kw name="Close Browser" owner="SeleniumLibrary">
<doc>Closes the current browser.</doc>
<status status="PASS" start="2025-03-12T12:51:41.432556" elapsed="0.089241"/>
</kw>
<status status="PASS" start="2025-03-12T12:51:41.432356" elapsed="0.089548"/>
</kw>
<status status="PASS" start="2025-03-12T12:51:25.225757" elapsed="16.296288"/>
</test>
<test id="s1-t2" name="Add New Highlight" line="18">
<kw name="Open Login Page And Login" owner="resource">
<kw name="Open Browser" owner="SeleniumLibrary">
<msg time="2025-03-12T12:51:41.522691" level="INFO">Opening browser 'Chrome' to base url 'http://127.0.0.1:8000/login'.</msg>
<arg>${URL_LOGIN}</arg>
<arg>${BROWSER}</arg>
<doc>Opens a new browser instance to the optional ``url``.</doc>
<status status="PASS" start="2025-03-12T12:51:41.522573" elapsed="0.784969"/>
</kw>
<kw name="Maximize Browser Window" owner="SeleniumLibrary">
<doc>Maximizes current browser window.</doc>
<status status="PASS" start="2025-03-12T12:51:42.307836" elapsed="0.355992"/>
</kw>
<kw name="Sleep" owner="BuiltIn">
<msg time="2025-03-12T12:51:45.665696" level="INFO">Slept 3 seconds.</msg>
<arg>3s</arg>
<doc>Pauses the test executed for the given time.</doc>
<status status="PASS" start="2025-03-12T12:51:42.663955" elapsed="3.002230"/>
</kw>
<kw name="Input Text" owner="SeleniumLibrary">
<msg time="2025-03-12T12:51:45.668056" level="INFO">Typing text 'staff@gmail.com' into text field 'id=username'.</msg>
<arg>id=username</arg>
<arg>${USERNAME}</arg>
<doc>Types the given ``text`` into the text field identified by ``locator``.</doc>
<status status="PASS" start="2025-03-12T12:51:45.666887" elapsed="0.115825"/>
</kw>
<kw name="Input Text" owner="SeleniumLibrary">
<msg time="2025-03-12T12:51:45.783037" level="INFO">Typing text '123456789' into text field 'id=password'.</msg>
<arg>id=password</arg>
<arg>${PASSWORD}</arg>
<doc>Types the given ``text`` into the text field identified by ``locator``.</doc>
<status status="PASS" start="2025-03-12T12:51:45.782870" elapsed="0.033077"/>
</kw>
<kw name="Click Login Button" owner="resource">
<kw name="Click Button" owner="SeleniumLibrary">
<msg time="2025-03-12T12:51:45.816378" level="INFO">Clicking button 'xpath=//button[contains(text(), 'LOGIN')]'.</msg>
<arg>xpath=//button[contains(text(), 'LOGIN')]</arg>
<doc>Clicks the button identified by ``locator``.</doc>
<status status="PASS" start="2025-03-12T12:51:45.816303" elapsed="0.032936"/>
</kw>
<status status="PASS" start="2025-03-12T12:51:45.816118" elapsed="0.033178"/>
</kw>
<kw name="Wait Until Page Contains" owner="SeleniumLibrary">
<arg>Dashboard</arg>
<arg>5s</arg>
<doc>Waits until ``text`` appears on the current page.</doc>
<status status="PASS" start="2025-03-12T12:51:45.849365" elapsed="1.039102"/>
</kw>
<status status="PASS" start="2025-03-12T12:51:41.522433" elapsed="5.366181"/>
</kw>
<kw name="Sleep" owner="BuiltIn">
<msg time="2025-03-12T12:51:49.890395" level="INFO">Slept 3 seconds.</msg>
<arg>3s</arg>
<doc>Pauses the test executed for the given time.</doc>
<status status="PASS" start="2025-03-12T12:51:46.888914" elapsed="3.001909"/>
</kw>
<kw name="Click Manage Highlight Menu" owner="resource">
<kw name="Click Element" owner="SeleniumLibrary">
<msg time="2025-03-12T12:51:49.893248" level="INFO">Clicking element 'xpath=//a[contains(@class, 'nav-link') and .//span[contains(text(), 'Manage Highlights')]]'.</msg>
<arg>xpath=//a[contains(@class, 'nav-link') and .//span[contains(text(), 'Manage Highlights')]]</arg>
<doc>Click the element identified by ``locator``.</doc>
<status status="PASS" start="2025-03-12T12:51:49.892686" elapsed="0.253994"/>
</kw>
<status status="PASS" start="2025-03-12T12:51:49.891721" elapsed="0.255042"/>
</kw>
<kw name="Click Add Highlight Button" owner="resource">
<kw name="Click Element" owner="SeleniumLibrary">
<msg time="2025-03-12T12:51:50.147336" level="INFO">Clicking element 'xpath=//a[contains(@class, 'btn-primary') and .//i[contains(@class, 'mdi-plus')]]'.</msg>
<arg>xpath=//a[contains(@class, 'btn-primary') and .//i[contains(@class, 'mdi-plus')]]</arg>
<doc>Click the element identified by ``locator``.</doc>
<status status="PASS" start="2025-03-12T12:51:50.147216" elapsed="0.094507"/>
</kw>
<status status="PASS" start="2025-03-12T12:51:50.146961" elapsed="0.094828"/>
</kw>
<kw name="Sleep" owner="BuiltIn">
<msg time="2025-03-12T12:51:53.244168" level="INFO">Slept 3 seconds.</msg>
<arg>3s</arg>
<doc>Pauses the test executed for the given time.</doc>
<status status="PASS" start="2025-03-12T12:51:50.241941" elapsed="3.002393"/>
</kw>
<kw name="Fill Highlight Form" owner="resource">
<kw name="Input Text" owner="SeleniumLibrary">
<msg time="2025-03-12T12:51:53.245375" level="INFO">Typing text 'Test Title EN' into text field 'name=title_en'.</msg>
<arg>name=title_en</arg>
<arg>${TITLE_EN}</arg>
<doc>Types the given ``text`` into the text field identified by ``locator``.</doc>
<status status="PASS" start="2025-03-12T12:51:53.245099" elapsed="0.047129"/>
</kw>
<kw name="Input Text" owner="SeleniumLibrary">
<msg time="2025-03-12T12:51:53.292593" level="INFO">Typing text 'ทดสอบชื่อเรื่อง TH' into text field 'name=title_th'.</msg>
<arg>name=title_th</arg>
<arg>${TITLE_TH}</arg>
<doc>Types the given ``text`` into the text field identified by ``locator``.</doc>
<status status="PASS" start="2025-03-12T12:51:53.292339" elapsed="0.035341"/>
</kw>
<kw name="Input Text" owner="SeleniumLibrary">
<msg time="2025-03-12T12:51:53.327928" level="INFO">Typing text 'This is a test description in English.' into text field 'name=description_en'.</msg>
<arg>name=description_en</arg>
<arg>${DESCRIPTION_EN}</arg>
<doc>Types the given ``text`` into the text field identified by ``locator``.</doc>
<status status="PASS" start="2025-03-12T12:51:53.327789" elapsed="0.036376"/>
</kw>
<kw name="Input Text" owner="SeleniumLibrary">
<msg time="2025-03-12T12:51:53.364401" level="INFO">Typing text 'นี่คือคำอธิบายทดสอบในภาษาไทย' into text field 'name=description_th'.</msg>
<arg>name=description_th</arg>
<arg>${DESCRIPTION_TH}</arg>
<doc>Types the given ``text`` into the text field identified by ``locator``.</doc>
<status status="PASS" start="2025-03-12T12:51:53.364272" elapsed="0.037051"/>
</kw>
<kw name="Choose File" owner="SeleniumLibrary">
<msg time="2025-03-12T12:51:53.401571" level="INFO">Sending /Applications/XAMPP/xamppfiles/htdocs/Software-Project/git-group-repository-group-1/test/UAT/test_image_en.jpg to browser.</msg>
<arg>name=image_en</arg>
<arg>${IMAGE_EN}</arg>
<doc>Inputs the ``file_path`` into the file input field ``locator``.</doc>
<status status="PASS" start="2025-03-12T12:51:53.401441" elapsed="0.016075"/>
</kw>
<kw name="Choose File" owner="SeleniumLibrary">
<msg time="2025-03-12T12:51:53.417736" level="INFO">Sending /Applications/XAMPP/xamppfiles/htdocs/Software-Project/git-group-repository-group-1/test/UAT/test_image_th.jpg to browser.</msg>
<arg>name=image_th</arg>
<arg>${IMAGE_TH}</arg>
<doc>Inputs the ``file_path`` into the file input field ``locator``.</doc>
<status status="PASS" start="2025-03-12T12:51:53.417614" elapsed="0.012109"/>
</kw>
<kw name="Input Text" owner="SeleniumLibrary">
<msg time="2025-03-12T12:51:53.429894" level="INFO">Typing text '1' into text field 'name=priority'.</msg>
<arg>name=priority</arg>
<arg>${PRIORITY}</arg>
<doc>Types the given ``text`` into the text field identified by ``locator``.</doc>
<status status="PASS" start="2025-03-12T12:51:53.429800" elapsed="0.027677"/>
</kw>
<status status="PASS" start="2025-03-12T12:51:53.244753" elapsed="0.212777"/>
</kw>
<kw name="Add Tags" owner="resource">
<kw name="Click Button" owner="SeleniumLibrary">
<msg time="2025-03-12T12:51:53.457864" level="INFO">Clicking button 'xpath=//button[contains(text(),'Add Tag')]'.</msg>
<arg>xpath=//button[contains(text(),'Add Tag')]</arg>
<doc>Clicks the button identified by ``locator``.</doc>
<status status="PASS" start="2025-03-12T12:51:53.457783" elapsed="0.034541"/>
</kw>
<kw name="Wait Until Element Is Visible" owner="SeleniumLibrary">
<arg>xpath=//h5[contains(text(),'Select Tags')]</arg>
<arg>5s</arg>
<doc>Waits until the element ``locator`` is visible.</doc>
<status status="PASS" start="2025-03-12T12:51:53.492582" elapsed="0.228836"/>
</kw>
<kw name="Wait Until Element Is Visible" owner="SeleniumLibrary">
<arg>xpath=//button[contains(text(),'kku')]</arg>
<arg>5s</arg>
<doc>Waits until the element ``locator`` is visible.</doc>
<status status="PASS" start="2025-03-12T12:51:53.721619" elapsed="0.011982"/>
</kw>
<kw name="Click Element" owner="SeleniumLibrary">
<msg time="2025-03-12T12:51:53.733926" level="INFO">Clicking element 'xpath=//button[contains(text(),'kku')]'.</msg>
<arg>xpath=//button[contains(text(),'kku')]</arg>
<doc>Click the element identified by ``locator``.</doc>
<status status="PASS" start="2025-03-12T12:51:53.733767" elapsed="0.032221"/>
</kw>
<kw name="Click Element" owner="SeleniumLibrary">
<msg time="2025-03-12T12:51:53.766178" level="INFO">Clicking element 'xpath=//button[contains(text(),'researcher')]'.</msg>
<arg>xpath=//button[contains(text(),'researcher')]</arg>
<doc>Click the element identified by ``locator``.</doc>
<status status="PASS" start="2025-03-12T12:51:53.766081" elapsed="0.024997"/>
</kw>
<kw name="Click Element" owner="SeleniumLibrary">
<msg time="2025-03-12T12:51:53.791258" level="INFO">Clicking element 'xpath=//button[contains(text(),'CS')]'.</msg>
<arg>xpath=//button[contains(text(),'CS')]</arg>
<doc>Click the element identified by ``locator``.</doc>
<status status="PASS" start="2025-03-12T12:51:53.791169" elapsed="0.026212"/>
</kw>
<kw name="Wait Until Element Is Visible" owner="SeleniumLibrary">
<arg>id=newTagName</arg>
<arg>5s</arg>
<doc>Waits until the element ``locator`` is visible.</doc>
<status status="PASS" start="2025-03-12T12:51:53.817486" elapsed="0.006915"/>
</kw>
<kw name="Input Text" owner="SeleniumLibrary">
<msg time="2025-03-12T12:51:53.824576" level="INFO">Typing text 'New_Tag_Test_1' into text field 'id=newTagName'.</msg>
<arg>id=newTagName</arg>
<arg>${NEW_TAG}</arg>
<doc>Types the given ``text`` into the text field identified by ``locator``.</doc>
<status status="PASS" start="2025-03-12T12:51:53.824474" elapsed="0.028935"/>
</kw>
<kw name="Click Button" owner="SeleniumLibrary">
<msg time="2025-03-12T12:51:53.853648" level="INFO">Clicking button 'xpath=//button[@id='addNewTag']'.</msg>
<arg>xpath=//button[@id='addNewTag']</arg>
<doc>Clicks the button identified by ``locator``.</doc>
<status status="PASS" start="2025-03-12T12:51:53.853544" elapsed="0.032681"/>
</kw>
<kw name="Sleep" owner="BuiltIn">
<msg time="2025-03-12T12:51:56.887742" level="INFO">Slept 3 seconds.</msg>
<arg>3s</arg>
<doc>Pauses the test executed for the given time.</doc>
<status status="PASS" start="2025-03-12T12:51:53.886331" elapsed="3.001818"/>
</kw>
<kw name="Click Button" owner="SeleniumLibrary">
<msg time="2025-03-12T12:51:56.889511" level="INFO">Clicking button 'xpath=//button[contains(text(),'Close')]'.</msg>
<arg>xpath=//button[contains(text(),'Close')]</arg>
<doc>Clicks the button identified by ``locator``.</doc>
<status status="PASS" start="2025-03-12T12:51:56.888807" elapsed="0.054458"/>
</kw>
<status status="PASS" start="2025-03-12T12:51:53.457663" elapsed="3.485677"/>
</kw>
<kw name="Submit Highlight Form" owner="resource">
<kw name="Scroll Element Into View" owner="SeleniumLibrary">
<arg>xpath=//button[contains(text(), 'Save')]</arg>
<doc>Scrolls the element identified by ``locator`` into view.</doc>
<status status="PASS" start="2025-03-12T12:51:56.943628" elapsed="0.273796"/>
</kw>
<kw name="Click Button" owner="SeleniumLibrary">
<msg time="2025-03-12T12:51:57.218397" level="INFO">Clicking button 'xpath=//button[contains(text(), 'Save')]'.</msg>
<arg>xpath=//button[contains(text(), 'Save')]</arg>
<doc>Clicks the button identified by ``locator``.</doc>
<status status="PASS" start="2025-03-12T12:51:57.217929" elapsed="0.066328"/>
</kw>
<status status="PASS" start="2025-03-12T12:51:56.943472" elapsed="0.340858"/>
</kw>
<kw name="Sleep" owner="BuiltIn">
<msg time="2025-03-12T12:52:00.287226" level="INFO">Slept 3 seconds.</msg>
<arg>3s</arg>
<doc>Pauses the test executed for the given time.</doc>
<status status="PASS" start="2025-03-12T12:51:57.284441" elapsed="3.003199"/>
</kw>
<kw name="Verify Highlight Added" owner="resource">
<kw name="Page Should Contain" owner="SeleniumLibrary">
<msg time="2025-03-12T12:52:00.310539" level="INFO">Current page contains text 'Test Title EN'.</msg>
<arg>${TITLE_EN}</arg>
<doc>Verifies that current page contains ``text``.</doc>
<status status="PASS" start="2025-03-12T12:52:00.289587" elapsed="0.021086"/>
</kw>
<kw name="Page Should Contain" owner="SeleniumLibrary">
<msg time="2025-03-12T12:52:00.323546" level="INFO">Current page contains text 'ทดสอบชื่อเรื่อง TH'.</msg>
<arg>${TITLE_TH}</arg>
<doc>Verifies that current page contains ``text``.</doc>
<status status="PASS" start="2025-03-12T12:52:00.310897" elapsed="0.012735"/>
</kw>
<status status="PASS" start="2025-03-12T12:52:00.288682" elapsed="0.035045"/>
</kw>
<kw name="Close Browser Session" owner="resource">
<kw name="Close Browser" owner="SeleniumLibrary">
<doc>Closes the current browser.</doc>
<status status="PASS" start="2025-03-12T12:52:00.324288" elapsed="0.081421"/>
</kw>
<status status="PASS" start="2025-03-12T12:52:00.323958" elapsed="0.081835"/>
</kw>
<status status="PASS" start="2025-03-12T12:51:41.522213" elapsed="18.883714"/>
</test>
<test id="s1-t3" name="Add New Highlight Close Exist Tag" line="31">
<kw name="Open Login Page And Login" owner="resource">
<kw name="Open Browser" owner="SeleniumLibrary">
<msg time="2025-03-12T12:52:00.406646" level="INFO">Opening browser 'Chrome' to base url 'http://127.0.0.1:8000/login'.</msg>
<arg>${URL_LOGIN}</arg>
<arg>${BROWSER}</arg>
<doc>Opens a new browser instance to the optional ``url``.</doc>
<status status="PASS" start="2025-03-12T12:52:00.406530" elapsed="1.121197"/>
</kw>
<kw name="Maximize Browser Window" owner="SeleniumLibrary">
<doc>Maximizes current browser window.</doc>
<status status="PASS" start="2025-03-12T12:52:01.528135" elapsed="0.351718"/>
</kw>
<kw name="Sleep" owner="BuiltIn">
<msg time="2025-03-12T12:52:04.880625" level="INFO">Slept 3 seconds.</msg>
<arg>3s</arg>
<doc>Pauses the test executed for the given time.</doc>
<status status="PASS" start="2025-03-12T12:52:01.879976" elapsed="3.001096"/>
</kw>
<kw name="Input Text" owner="SeleniumLibrary">
<msg time="2025-03-12T12:52:04.882834" level="INFO">Typing text 'staff@gmail.com' into text field 'id=username'.</msg>
<arg>id=username</arg>
<arg>${USERNAME}</arg>
<doc>Types the given ``text`` into the text field identified by ``locator``.</doc>
<status status="PASS" start="2025-03-12T12:52:04.881769" elapsed="0.114718"/>
</kw>
<kw name="Input Text" owner="SeleniumLibrary">
<msg time="2025-03-12T12:52:04.996787" level="INFO">Typing text '123456789' into text field 'id=password'.</msg>
<arg>id=password</arg>
<arg>${PASSWORD}</arg>
<doc>Types the given ``text`` into the text field identified by ``locator``.</doc>
<status status="PASS" start="2025-03-12T12:52:04.996637" elapsed="0.033332"/>
</kw>
<kw name="Click Login Button" owner="resource">
<kw name="Click Button" owner="SeleniumLibrary">
<msg time="2025-03-12T12:52:05.031278" level="INFO">Clicking button 'xpath=//button[contains(text(), 'LOGIN')]'.</msg>
<arg>xpath=//button[contains(text(), 'LOGIN')]</arg>
<doc>Clicks the button identified by ``locator``.</doc>
<status status="PASS" start="2025-03-12T12:52:05.031193" elapsed="0.032488"/>
</kw>
<status status="PASS" start="2025-03-12T12:52:05.030961" elapsed="0.032778"/>
</kw>
<kw name="Wait Until Page Contains" owner="SeleniumLibrary">
<arg>Dashboard</arg>
<arg>5s</arg>
<doc>Waits until ``text`` appears on the current page.</doc>
<status status="PASS" start="2025-03-12T12:52:05.063812" elapsed="0.951818"/>
</kw>
<status status="PASS" start="2025-03-12T12:52:00.406362" elapsed="5.609388"/>
</kw>
<kw name="Sleep" owner="BuiltIn">
<msg time="2025-03-12T12:52:09.018634" level="INFO">Slept 3 seconds.</msg>
<arg>3s</arg>
<doc>Pauses the test executed for the given time.</doc>
<status status="PASS" start="2025-03-12T12:52:06.015972" elapsed="3.002848"/>
</kw>
<kw name="Click Manage Highlight Menu" owner="resource">
<kw name="Click Element" owner="SeleniumLibrary">
<msg time="2025-03-12T12:52:09.019984" level="INFO">Clicking element 'xpath=//a[contains(@class, 'nav-link') and .//span[contains(text(), 'Manage Highlights')]]'.</msg>
<arg>xpath=//a[contains(@class, 'nav-link') and .//span[contains(text(), 'Manage Highlights')]]</arg>
<doc>Click the element identified by ``locator``.</doc>
<status status="PASS" start="2025-03-12T12:52:09.019712" elapsed="0.235163"/>
</kw>
<status status="PASS" start="2025-03-12T12:52:09.019248" elapsed="0.235692"/>
</kw>
<kw name="Click Add Highlight Button" owner="resource">
<kw name="Click Element" owner="SeleniumLibrary">
<msg time="2025-03-12T12:52:09.255300" level="INFO">Clicking element 'xpath=//a[contains(@class, 'btn-primary') and .//i[contains(@class, 'mdi-plus')]]'.</msg>
<arg>xpath=//a[contains(@class, 'btn-primary') and .//i[contains(@class, 'mdi-plus')]]</arg>
<doc>Click the element identified by ``locator``.</doc>
<status status="PASS" start="2025-03-12T12:52:09.255212" elapsed="0.101315"/>
</kw>
<status status="PASS" start="2025-03-12T12:52:09.255073" elapsed="0.101522"/>
</kw>
<kw name="Sleep" owner="BuiltIn">
<msg time="2025-03-12T12:52:12.357859" level="INFO">Slept 3 seconds.</msg>
<arg>3s</arg>
<doc>Pauses the test executed for the given time.</doc>
<status status="PASS" start="2025-03-12T12:52:09.356713" elapsed="3.001231"/>
</kw>
<kw name="Fill Highlight Form" owner="resource">
<kw name="Input Text" owner="SeleniumLibrary">
<msg time="2025-03-12T12:52:12.358741" level="INFO">Typing text 'Test Title EN' into text field 'name=title_en'.</msg>
<arg>name=title_en</arg>
<arg>${TITLE_EN}</arg>
<doc>Types the given ``text`` into the text field identified by ``locator``.</doc>
<status status="PASS" start="2025-03-12T12:52:12.358596" elapsed="0.039158"/>
</kw>
<kw name="Input Text" owner="SeleniumLibrary">
<msg time="2025-03-12T12:52:12.398002" level="INFO">Typing text 'ทดสอบชื่อเรื่อง TH' into text field 'name=title_th'.</msg>
<arg>name=title_th</arg>
<arg>${TITLE_TH}</arg>
<doc>Types the given ``text`` into the text field identified by ``locator``.</doc>
<status status="PASS" start="2025-03-12T12:52:12.397867" elapsed="0.032543"/>
</kw>
<kw name="Input Text" owner="SeleniumLibrary">
<msg time="2025-03-12T12:52:12.430618" level="INFO">Typing text 'This is a test description in English.' into text field 'name=description_en'.</msg>
<arg>name=description_en</arg>
<arg>${DESCRIPTION_EN}</arg>
<doc>Types the given ``text`` into the text field identified by ``locator``.</doc>
<status status="PASS" start="2025-03-12T12:52:12.430503" elapsed="0.032849"/>
</kw>
<kw name="Input Text" owner="SeleniumLibrary">
<msg time="2025-03-12T12:52:12.463558" level="INFO">Typing text 'นี่คือคำอธิบายทดสอบในภาษาไทย' into text field 'name=description_th'.</msg>
<arg>name=description_th</arg>
<arg>${DESCRIPTION_TH}</arg>
<doc>Types the given ``text`` into the text field identified by ``locator``.</doc>
<status status="PASS" start="2025-03-12T12:52:12.463442" elapsed="0.034222"/>
</kw>
<kw name="Choose File" owner="SeleniumLibrary">
<msg time="2025-03-12T12:52:12.497912" level="INFO">Sending /Applications/XAMPP/xamppfiles/htdocs/Software-Project/git-group-repository-group-1/test/UAT/test_image_en.jpg to browser.</msg>
<arg>name=image_en</arg>
<arg>${IMAGE_EN}</arg>
<doc>Inputs the ``file_path`` into the file input field ``locator``.</doc>
<status status="PASS" start="2025-03-12T12:52:12.497774" elapsed="0.017406"/>
</kw>
<kw name="Choose File" owner="SeleniumLibrary">
<msg time="2025-03-12T12:52:12.515417" level="INFO">Sending /Applications/XAMPP/xamppfiles/htdocs/Software-Project/git-group-repository-group-1/test/UAT/test_image_th.jpg to browser.</msg>
<arg>name=image_th</arg>
<arg>${IMAGE_TH}</arg>
<doc>Inputs the ``file_path`` into the file input field ``locator``.</doc>
<status status="PASS" start="2025-03-12T12:52:12.515284" elapsed="0.012285"/>
</kw>
<kw name="Input Text" owner="SeleniumLibrary">
<msg time="2025-03-12T12:52:12.527777" level="INFO">Typing text '1' into text field 'name=priority'.</msg>
<arg>name=priority</arg>
<arg>${PRIORITY}</arg>
<doc>Types the given ``text`` into the text field identified by ``locator``.</doc>
<status status="PASS" start="2025-03-12T12:52:12.527660" elapsed="0.026524"/>
</kw>
<status status="PASS" start="2025-03-12T12:52:12.358301" elapsed="0.195975"/>
</kw>
<kw name="Add Exist Tags" owner="resource">
<kw name="Click Button" owner="SeleniumLibrary">
<msg time="2025-03-12T12:52:12.554645" level="INFO">Clicking button 'xpath=//button[contains(text(),'Add Tag')]'.</msg>
<arg>xpath=//button[contains(text(),'Add Tag')]</arg>
<doc>Clicks the button identified by ``locator``.</doc>
<status status="PASS" start="2025-03-12T12:52:12.554565" elapsed="0.036479"/>
</kw>
<kw name="Wait Until Element Is Visible" owner="SeleniumLibrary">
<arg>xpath=//h5[contains(text(),'Select Tags')]</arg>
<arg>5s</arg>
<doc>Waits until the element ``locator`` is visible.</doc>
<status status="PASS" start="2025-03-12T12:52:12.591161" elapsed="0.229131"/>
</kw>
<kw name="Wait Until Element Is Visible" owner="SeleniumLibrary">
<arg>id=newTagName</arg>
<arg>5s</arg>
<doc>Waits until the element ``locator`` is visible.</doc>
<status status="PASS" start="2025-03-12T12:52:12.820470" elapsed="0.011069"/>
</kw>
<kw name="Input Text" owner="SeleniumLibrary">
<msg time="2025-03-12T12:52:12.831811" level="INFO">Typing text 'New_Tag_Test_1' into text field 'id=newTagName'.</msg>
<arg>id=newTagName</arg>
<arg>${NEW_TAG}</arg>
<doc>Types the given ``text`` into the text field identified by ``locator``.</doc>
<status status="PASS" start="2025-03-12T12:52:12.831658" elapsed="0.035800"/>
</kw>
<kw name="Click Button" owner="SeleniumLibrary">
<msg time="2025-03-12T12:52:12.867673" level="INFO">Clicking button 'xpath=//button[@id='addNewTag']'.</msg>
<arg>xpath=//button[@id='addNewTag']</arg>
<doc>Clicks the button identified by ``locator``.</doc>
<status status="PASS" start="2025-03-12T12:52:12.867567" elapsed="0.033151"/>
</kw>
<kw name="Sleep" owner="BuiltIn">
<msg time="2025-03-12T12:52:15.903503" level="INFO">Slept 3 seconds.</msg>
<arg>3s</arg>
<doc>Pauses the test executed for the given time.</doc>
<status status="PASS" start="2025-03-12T12:52:12.900830" elapsed="3.003090"/>
</kw>
<kw name="Run Keyword And Ignore Error" owner="BuiltIn">
<kw name="Handle Alert Error" owner="resource">
<kw name="Handle Alert" owner="SeleniumLibrary">
<msg time="2025-03-12T12:52:15.906787" level="INFO">HANDLE::&lt;class 'NoneType'&gt;::None</msg>
<msg time="2025-03-12T12:52:15.914001" level="INFO">${ALERT_TEXT} = Error adding tag. Check console for details.</msg>
<var>${ALERT_TEXT}</var>
<doc>Handles the current alert and returns its message.</doc>
<status status="PASS" start="2025-03-12T12:52:15.906479" elapsed="0.007623"/>
</kw>
<kw name="Log" owner="BuiltIn">
<msg time="2025-03-12T12:52:15.914730" level="INFO">Alert Closed: Error adding tag. Check console for details.</msg>
<arg>Alert Closed: ${ALERT_TEXT}</arg>
<doc>Logs the given message with the given level.</doc>
<status status="PASS" start="2025-03-12T12:52:15.914409" elapsed="0.000656"/>
</kw>
<status status="PASS" start="2025-03-12T12:52:15.905734" elapsed="0.009413"/>
</kw>
<msg time="2025-03-12T12:52:15.915283" level="INFO">${ALERT_RESULT} = ('PASS', None)</msg>
<var>${ALERT_RESULT}</var>
<arg>Handle Alert Error</arg>
<doc>Runs the given keyword with the given arguments and ignores possible error.</doc>
<status status="PASS" start="2025-03-12T12:52:15.904802" elapsed="0.010506"/>
</kw>
<kw name="Run Keyword If" owner="BuiltIn">
<kw name="Log" owner="BuiltIn">
<msg time="2025-03-12T12:52:15.916595" level="INFO">Alert detected and closed.</msg>
<arg>Alert detected and closed.</arg>
<doc>Logs the given message with the given level.</doc>
<status status="PASS" start="2025-03-12T12:52:15.916449" elapsed="0.000193"/>
</kw>
<arg>'${ALERT_RESULT}[0]' == 'PASS'</arg>
<arg>Log</arg>
<arg>Alert detected and closed.</arg>
<doc>Runs the given keyword with the given arguments, if ``condition`` is true.</doc>
<status status="PASS" start="2025-03-12T12:52:15.915465" elapsed="0.001238"/>
</kw>
<kw name="Run Keyword If" owner="BuiltIn">
<kw name="Set Variable" owner="BuiltIn">
<arg>${NEW_TAG2}</arg>
<arg>${NEW_TAG2}</arg>
<doc>Returns the given values which can then be assigned to a variables.</doc>
<status status="PASS" start="2025-03-12T12:52:15.917132" elapsed="0.000131"/>
</kw>
<arg>'${ALERT_RESULT}[0]' == 'PASS'</arg>
<arg>Set Variable</arg>
<arg>${NEW_TAG2}</arg>
<arg>${NEW_TAG2}</arg>
<doc>Runs the given keyword with the given arguments, if ``condition`` is true.</doc>
<status status="PASS" start="2025-03-12T12:52:15.916840" elapsed="0.000496"/>
</kw>
<kw name="Sleep" owner="BuiltIn">
<msg time="2025-03-12T12:52:18.918044" level="INFO">Slept 3 seconds.</msg>
<arg>3s</arg>
<doc>Pauses the test executed for the given time.</doc>
<status status="PASS" start="2025-03-12T12:52:15.917429" elapsed="3.001046"/>
</kw>
<kw name="Input Text" owner="SeleniumLibrary">
<msg time="2025-03-12T12:52:18.919999" level="INFO">Typing text 'New_Tag_Test_2' into text field 'id=newTagName'.</msg>
<arg>id=newTagName</arg>
<arg>${NEW_TAG2}</arg>
<doc>Types the given ``text`` into the text field identified by ``locator``.</doc>
<status status="PASS" start="2025-03-12T12:52:18.919140" elapsed="0.057299"/>
</kw>
<kw name="Sleep" owner="BuiltIn">
<msg time="2025-03-12T12:52:21.978779" level="INFO">Slept 3 seconds.</msg>
<arg>3s</arg>
<doc>Pauses the test executed for the given time.</doc>
<status status="PASS" start="2025-03-12T12:52:18.976689" elapsed="3.002459"/>
</kw>
<kw name="Click Button" owner="SeleniumLibrary">
<msg time="2025-03-12T12:52:21.980192" level="INFO">Clicking button 'xpath=//button[@id='addNewTag']'.</msg>
<arg>xpath=//button[@id='addNewTag']</arg>
<doc>Clicks the button identified by ``locator``.</doc>
<status status="PASS" start="2025-03-12T12:52:21.979706" elapsed="0.052169"/>
</kw>
<kw name="Sleep" owner="BuiltIn">
<msg time="2025-03-12T12:52:25.032559" level="INFO">Slept 3 seconds.</msg>
<arg>3s</arg>
<doc>Pauses the test executed for the given time.</doc>
<status status="PASS" start="2025-03-12T12:52:22.032000" elapsed="3.000985"/>
</kw>
<kw name="Click Button" owner="SeleniumLibrary">
<msg time="2025-03-12T12:52:25.034361" level="INFO">Clicking button 'xpath=//button[contains(text(),'Close')]'.</msg>
<arg>xpath=//button[contains(text(),'Close')]</arg>
<doc>Clicks the button identified by ``locator``.</doc>
<status status="PASS" start="2025-03-12T12:52:25.033649" elapsed="0.060018"/>
</kw>
<status status="PASS" start="2025-03-12T12:52:12.554434" elapsed="12.539309"/>
</kw>
<kw name="Submit Highlight Form" owner="resource">
<kw name="Scroll Element Into View" owner="SeleniumLibrary">
<arg>xpath=//button[contains(text(), 'Save')]</arg>
<doc>Scrolls the element identified by ``locator`` into view.</doc>
<status status="PASS" start="2025-03-12T12:52:25.094053" elapsed="0.270585"/>
</kw>
<kw name="Click Button" owner="SeleniumLibrary">
<msg time="2025-03-12T12:52:25.365898" level="INFO">Clicking button 'xpath=//button[contains(text(), 'Save')]'.</msg>
<arg>xpath=//button[contains(text(), 'Save')]</arg>
<doc>Clicks the button identified by ``locator``.</doc>
<status status="PASS" start="2025-03-12T12:52:25.365313" elapsed="0.055605"/>
</kw>
<status status="PASS" start="2025-03-12T12:52:25.093886" elapsed="0.327117"/>
</kw>
<kw name="Sleep" owner="BuiltIn">
<msg time="2025-03-12T12:52:28.422972" level="INFO">Slept 3 seconds.</msg>
<arg>3s</arg>
<doc>Pauses the test executed for the given time.</doc>
<status status="PASS" start="2025-03-12T12:52:25.421147" elapsed="3.002174"/>
</kw>
<kw name="Verify Highlight Added" owner="resource">
<kw name="Page Should Contain" owner="SeleniumLibrary">
<msg time="2025-03-12T12:52:28.444293" level="INFO">Current page contains text 'Test Title EN'.</msg>
<arg>${TITLE_EN}</arg>
<doc>Verifies that current page contains ``text``.</doc>
<status status="PASS" start="2025-03-12T12:52:28.425268" elapsed="0.019128"/>
</kw>
<kw name="Page Should Contain" owner="SeleniumLibrary">
<msg time="2025-03-12T12:52:28.457749" level="INFO">Current page contains text 'ทดสอบชื่อเรื่อง TH'.</msg>
<arg>${TITLE_TH}</arg>
<doc>Verifies that current page contains ``text``.</doc>
<status status="PASS" start="2025-03-12T12:52:28.444589" elapsed="0.013262"/>
</kw>
<status status="PASS" start="2025-03-12T12:52:28.424276" elapsed="0.033679"/>
</kw>
<kw name="Close Browser Session" owner="resource">
<kw name="Close Browser" owner="SeleniumLibrary">
<doc>Closes the current browser.</doc>
<status status="PASS" start="2025-03-12T12:52:28.458485" elapsed="0.084064"/>
</kw>
<status status="PASS" start="2025-03-12T12:52:28.458201" elapsed="0.084452"/>
</kw>
<status status="PASS" start="2025-03-12T12:52:00.406067" elapsed="28.136733"/>
</test>
<status status="PASS" start="2025-03-12T12:51:25.135031" elapsed="63.408087"/>
</suite>
<statistics>
<total>
<stat pass="3" fail="0" skip="0">All Tests</stat>
</total>
<tag>
</tag>
<suite>
<stat pass="3" fail="0" skip="0" id="s1" name="UAT001-AddHighlight">UAT001-AddHighlight</stat>
</suite>
</statistics>
<errors>
</errors>
</robot>
